01-04-2025 05:21 - SUIUSDT: 2.4232 - 💰 ENTRADA
01-04-2025 05:33 - SUIUSDT: 2.4355 - ✅ WIN

01-04-2025 08:27 - XRPUSDT: 2.1456 - 💰 ENTRADA
01-04-2025 09:48 - XRPUSDT: 2.1565 - ✅ WIN

01-04-2025 10:51 - ETHUSDT: 1874.11 - 💰 ENTRADA
01-04-2025 10:52 - ETHUSDT: 1885.97 - ✅ WIN

01-04-2025 11:03 - SUIUSDT: 2.4538 - 💰 ENTRADA
01-04-2025 11:04 - SUIUSDT: 2.4661 - ✅ WIN

01-04-2025 11:16 - DOTUSDT: 4.269 - 💰 ENTRADA
01-04-2025 12:12 - DOTUSDT: 4.226 - ❌ LOSS

01-04-2025 13:50 - ETHUSDT: 1920.33 - 💰 ENTRADA
01-04-2025 16:30 - ETHUSDT: 1900.7 - ❌ LOSS

01-04-2025 17:09 - DOTUSDT: 4.175 - 💰 ENTRADA
01-04-2025 18:34 - DOTUSDT: 4.197 - ✅ WIN

01-04-2025 23:15 - ADAUSDT: 0.6727 - 💰 ENTRADA
02-04-2025 00:09 - ADAUSDT: 0.6761 - ✅ WIN

02-04-2025 02:42 - SUIUSDT: 2.3384 - 💰 ENTRADA
02-04-2025 03:33 - SUIUSDT: 2.3514 - ✅ WIN

02-04-2025 03:53 - SUIUSDT: 2.3529 - 💰 ENTRADA
02-04-2025 04:26 - SUIUSDT: 2.3666 - ✅ WIN

02-04-2025 05:03 - ADAUSDT: 0.6748 - 💰 ENTRADA
02-04-2025 05:07 - ADAUSDT: 0.6783 - ✅ WIN

02-04-2025 05:30 - ADAUSDT: 0.6811 - 💰 ENTRADA
02-04-2025 08:55 - ADAUSDT: 0.6846 - ✅ WIN

02-04-2025 09:38 - DOTUSDT: 4.104 - 💰 ENTRADA
02-04-2025 09:46 - DOTUSDT: 4.128 - ✅ WIN

02-04-2025 11:08 - SUIUSDT: 2.5075 - 💰 ENTRADA
02-04-2025 11:13 - SUIUSDT: 2.4821 - ❌ LOSS

02-04-2025 11:30 - DOTUSDT: 4.158 - 💰 ENTRADA
02-04-2025 11:31 - DOTUSDT: 4.179 - ✅ WIN

02-04-2025 12:14 - SUIUSDT: 2.4968 - 💰 ENTRADA
02-04-2025 12:36 - SUIUSDT: 2.4716 - ❌ LOSS

02-04-2025 13:04 - ETHUSDT: 1906.15 - 💰 ENTRADA
02-04-2025 13:41 - ETHUSDT: 1887.01 - ❌ LOSS

02-04-2025 14:40 - ETHUSDT: 1902.44 - 💰 ENTRADA
02-04-2025 15:56 - ETHUSDT: 1911.99 - ✅ WIN

02-04-2025 19:41 - SUIUSDT: 2.3126 - 💰 ENTRADA
02-04-2025 20:03 - SUIUSDT: 2.2891 - ❌ LOSS

02-04-2025 20:13 - DOTUSDT: 3.994 - 💰 ENTRADA
02-04-2025 20:26 - DOTUSDT: 4.017 - ✅ WIN

02-04-2025 20:54 - SUIUSDT: 2.3604 - 💰 ENTRADA
02-04-2025 20:58 - SUIUSDT: 2.374 - ✅ WIN

02-04-2025 21:16 - DOTUSDT: 4.051 - 💰 ENTRADA

---------------------------------------------
0,8% win (0,6)
0,2%loss (0,4)

03-04-2025 09:32 - SUIUSDT: 2.2621 - 💰 ENTRADA
03-04-2025 09:32 - SUIUSDT: 2.2572 - ❌ LOSS

03-04-2025 09:33 - SUIUSDT: 2.266 - 💰 ENTRADA
03-04-2025 09:35 - SUIUSDT: 2.2611 - ❌ LOSS

03-04-2025 11:41 - XRPUSDT: 2.0009 - 💰 ENTRADA
03-04-2025 11:47 - XRPUSDT: 1.9966 - ❌ LOSS

03-04-2025 11:57 - SUIUSDT: 2.2623 - 💰 ENTRADA
03-04-2025 12:00 - SUIUSDT: 2.2576 - ❌ LOSS

03-04-2025 12:01 - ETHUSDT: 1782.59 - 💰 ENTRADA
03-04-2025 12:39 - ETHUSDT: 1779.01 - ❌ LOSS

03-04-2025 13:55 - DOTUSDT: 3.988 - 💰 ENTRADA
03-04-2025 13:57 - DOTUSDT: 3.979 - ❌ LOSS

03-04-2025 14:34 - DOTUSDT: 4.004 - 💰 ENTRADA
03-04-2025 14:50 - DOTUSDT: 4.037 - ✅ WIN

03-04-2025 14:51 - SUIUSDT: 2.2554 - 💰 ENTRADA
03-04-2025 14:51 - SUIUSDT: 2.2492 - ❌ LOSS

03-04-2025 15:02 - DOTUSDT: 4.036 - 💰 ENTRADA
03-04-2025 15:29 - DOTUSDT: 4.027 - ❌ LOSS

03-04-2025 16:56 - SUIUSDT: 2.2343 - 💰 ENTRADA
03-04-2025 16:56 - SUIUSDT: 2.2297 - ❌ LOSS

03-04-2025 17:51 - SUIUSDT: 2.238 - 💰 ENTRADA
03-04-2025 17:58 - SUIUSDT: 2.2587 - ✅ WIN

03-04-2025 17:59 - SUIUSDT: 2.2584 - 💰 ENTRADA
03-04-2025 17:59 - SUIUSDT: 2.2534 - ❌ LOSS

03-04-2025 18:15 - ADAUSDT: 0.6487 - 💰 ENTRADA
03-04-2025 18:27 - ADAUSDT: 0.6474 - ❌ LOSS

03-04-2025 18:29 - XRPUSDT: 2.0592 - 💰 ENTRADA
03-04-2025 19:01 - XRPUSDT: 2.0545 - ❌ LOSS

03-04-2025 19:48 - ADAUSDT: 0.6504 - 💰 ENTRADA
03-04-2025 20:12 - ADAUSDT: 0.649 - ❌ LOSS

03-04-2025 20:21 - ETHUSDT: 1820.14 - 💰 ENTRADA
03-04-2025 20:42 - ETHUSDT: 1816.48 - ❌ LOSS

